[1107/120637.932:ERROR:process_memory_win.cc(73)] ReadMemory at 0x7ff6f1c10000 of 64 bytes failed: Only part of a ReadProcessMemory or WriteProcessMemory request was completed. (0x12B)
[1107/120637.933:WARNING:pe_image_reader.cc(340)] could not read dos header from C:\Program Files (x86)\Google\Chrome\Application\chrome.exe
[1107/120637.933:ERROR:process_memory_win.cc(73)] ReadMemory at 0x7fffc3630000 of 64 bytes failed: Only part of a ReadProcessMemory or WriteProcessMemory request was completed. (0x12B)
[1107/120637.933:WARNING:pe_image_reader.cc(340)] could not read dos header from C:\WINDOWS\SYSTEM32\ntdll.dll
[1107/120637.933:ERROR:process_memory_win.cc(73)] ReadMemory at 0x7fffc08b0000 of 64 bytes failed: Only part of a ReadProcessMemory or WriteProcessMemory request was completed. (0x12B)
[1107/120637.934:WARNING:pe_image_reader.cc(340)] could not read dos header from C:\WINDOWS\System32\KERNEL32.DLL
[1107/120637.934:ERROR:process_memory_win.cc(73)] ReadMemory at 0x7fffc0120000 of 64 bytes failed: Only part of a ReadProcessMemory or WriteProcessMemory request was completed. (0x12B)
[1107/120637.934:WARNING:pe_image_reader.cc(340)] could not read dos header from C:\WINDOWS\System32\KERNELBASE.dll
[1107/120637.934:ERROR:process_memory_win.cc(73)] ReadMemory at 0x7fff8ef90000 of 64 bytes failed: Only part of a ReadProcessMemory or WriteProcessMemory request was completed. (0x12B)
[1107/120637.934:WARNING:pe_image_reader.cc(340)] could not read dos header from C:\Program Files (x86)\Google\Chrome\Application\80.0.3955.4\chrome_elf.dll
[1107/120637.934:ERROR:process_memory_win.cc(73)] ReadMemory at 0x7fffbabe0000 of 64 bytes failed: Only part of a ReadProcessMemory or WriteProcessMemory request was completed. (0x12B)
[1107/120637.934:WARNING:pe_image_reader.cc(340)] could not read dos header from C:\WINDOWS\SYSTEM32\VERSION.dll
[1107/120637.934:ERROR:process_memory_win.cc(73)] ReadMemory at 0x7fffc0990000 of 64 bytes failed: Only part of a ReadProcessMemory or WriteProcessMemory request was completed. (0x12B)
[1107/120637.934:WARNING:pe_image_reader.cc(340)] could not read dos header from C:\WINDOWS\System32\msvcrt.dll
[1107/120637.934:ERROR:process_memory_win.cc(73)] ReadMemory at 0x7fffbf930000 of 64 bytes failed: Only part of a ReadProcessMemory or WriteProcessMemory request was completed. (0x12B)
[1107/120637.934:WARNING:pe_image_reader.cc(340)] could not read dos header from C:\WINDOWS\System32\bcryptPrimitives.dll
[1107/120637.934:ERROR:process_memory_win.cc(73)] ReadMemory at 0x7fffc0c10000 of 64 bytes failed: Only part of a ReadProcessMemory or WriteProcessMemory request was completed. (0x12B)
[1107/120637.934:WARNING:pe_image_reader.cc(340)] could not read dos header from C:\WINDOWS\System32\ADVAPI32.dll
[1107/120637.934:ERROR:process_memory_win.cc(73)] ReadMemory at 0x7fffc3410000 of 64 bytes failed: Only part of a ReadProcessMemory or WriteProcessMemory request was completed. (0x12B)
[1107/120637.934:WARNING:pe_image_reader.cc(340)] could not read dos header from C:\WINDOWS\System32\sechost.dll
[1107/120637.934:ERROR:process_memory_win.cc(73)] ReadMemory at 0x7fffc0cc0000 of 64 bytes failed: Only part of a ReadProcessMemory or WriteProcessMemory request was completed. (0x12B)
[1107/120637.934:WARNING:pe_image_reader.cc(340)] could not read dos header from C:\WINDOWS\System32\RPCRT4.dll
[1107/120637.934:ERROR:process_memory_win.cc(73)] ReadMemory at 0x7fffc0ea0000 of 64 bytes failed: Only part of a ReadProcessMemory or WriteProcessMemory request was completed. (0x12B)
[1107/120637.934:WARNING:pe_image_reader.cc(340)] could not read dos header from C:\WINDOWS\System32\user32.dll
[1107/120637.934:ERROR:process_memory_win.cc(73)] ReadMemory at 0x7fffbf9b0000 of 64 bytes failed: Only part of a ReadProcessMemory or WriteProcessMemory request was completed. (0x12B)
[1107/120637.934:WARNING:pe_image_reader.cc(340)] could not read dos header from C:\WINDOWS\System32\win32u.dll
[1107/120637.934:ERROR:process_memory_win.cc(73)] ReadMemory at 0x7fffc34b0000 of 64 bytes failed: Only part of a ReadProcessMemory or WriteProcessMemory request was completed. (0x12B)
[1107/120637.934:WARNING:pe_image_reader.cc(340)] could not read dos header from C:\WINDOWS\System32\GDI32.dll
[1107/120637.934:ERROR:process_memory_win.cc(73)] ReadMemory at 0x7fffc0610000 of 64 bytes failed: Only part of a ReadProcessMemory or WriteProcessMemory request was completed. (0x12B)
[1107/120637.934:WARNING:pe_image_reader.cc(340)] could not read dos header from C:\WINDOWS\System32\gdi32full.dll
[1107/120637.934:ERROR:process_memory_win.cc(73)] ReadMemory at 0x7fffc07b0000 of 64 bytes failed: Only part of a ReadProcessMemory or WriteProcessMemory request was completed. (0x12B)
[1107/120637.934:WARNING:pe_image_reader.cc(340)] could not read dos header from C:\WINDOWS\System32\msvcp_win.dll
[1107/120637.934:ERROR:process_memory_win.cc(73)] ReadMemory at 0x7fffbf830000 of 64 bytes failed: Only part of a ReadProcessMemory or WriteProcessMemory request was completed. (0x12B)
[1107/120637.934:WARNING:pe_image_reader.cc(340)] could not read dos header from C:\WINDOWS\System32\ucrtbase.dll
[1107/120637.934:ERROR:process_memory_win.cc(73)] ReadMemory at 0x7fffc14c0000 of 64 bytes failed: Only part of a ReadProcessMemory or WriteProcessMemory request was completed. (0x12B)
[1107/120637.934:WARNING:pe_image_reader.cc(340)] could not read dos header from C:\WINDOWS\System32\IMM32.DLL
[1107/120637.934:ERROR:process_memory_win.cc(73)] ReadMemory at 0x7fff73860000 of 64 bytes failed: Only part of a ReadProcessMemory or WriteProcessMemory request was completed. (0x12B)
[1107/120637.934:WARNING:pe_image_reader.cc(340)] could not read dos header from C:\Program Files (x86)\Google\Chrome\Application\80.0.3955.4\chrome.dll
[1107/120637.934:ERROR:process_memory_win.cc(73)] ReadMemory at 0x7fffc0ba0000 of 64 bytes failed: Only part of a ReadProcessMemory or WriteProcessMemory request was completed. (0x12B)
[1107/120637.935:WARNING:pe_image_reader.cc(340)] could not read dos header from C:\WINDOWS\System32\WS2_32.dll
[1107/120637.935:ERROR:process_memory_win.cc(73)] ReadMemory at 0x7fffc14f0000 of 64 bytes failed: Only part of a ReadProcessMemory or WriteProcessMemory request was completed. (0x12B)
[1107/120637.935:WARNING:pe_image_reader.cc(340)] could not read dos header from C:\WINDOWS\System32\OLEAUT32.dll
[1107/120637.935:ERROR:process_memory_win.cc(73)] ReadMemory at 0x7fffc2d30000 of 64 bytes failed: Only part of a ReadProcessMemory or WriteProcessMemory request was completed. (0x12B)
[1107/120637.935:WARNING:pe_image_reader.cc(340)] could not read dos header from C:\WINDOWS\System32\combase.dll
[1107/120637.935:ERROR:process_memory_win.cc(73)] ReadMemory at 0x7fffc0850000 of 64 bytes failed: Only part of a ReadProcessMemory or WriteProcessMemory request was completed. (0x12B)
[1107/120637.935:WARNING:pe_image_reader.cc(340)] could not read dos header from C:\WINDOWS\System32\WINTRUST.dll
[1107/120637.935:ERROR:process_memory_win.cc(73)] ReadMemory at 0x7fffbf700000 of 64 bytes failed: Only part of a ReadProcessMemory or WriteProcessMemory request was completed. (0x12B)
[1107/120637.935:WARNING:pe_image_reader.cc(340)] could not read dos header from C:\WINDOWS\System32\MSASN1.dll
[1107/120637.935:ERROR:process_memory_win.cc(73)] ReadMemory at 0x7fffc0410000 of 64 bytes failed: Only part of a ReadProcessMemory or WriteProcessMemory request was completed. (0x12B)
[1107/120637.935:WARNING:pe_image_reader.cc(340)] could not read dos header from C:\WINDOWS\System32\CRYPT32.dll
[1107/120637.935:ERROR:process_memory_win.cc(73)] ReadMemory at 0x7fffbebb0000 of 64 bytes failed: Only part of a ReadProcessMemory or WriteProcessMemory request was completed. (0x12B)
[1107/120637.935:WARNING:pe_image_reader.cc(340)] could not read dos header from C:\WINDOWS\SYSTEM32\IPHLPAPI.DLL
[1107/120637.935:ERROR:process_memory_win.cc(73)] ReadMemory at 0x7fffbd700000 of 64 bytes failed: Only part of a ReadProcessMemory or WriteProcessMemory request was completed. (0x12B)
[1107/120637.935:WARNING:pe_image_reader.cc(340)] could not read dos header from C:\WINDOWS\SYSTEM32\WINMM.dll
[1107/120637.935:ERROR:process_memory_win.cc(73)] ReadMemory at 0x7fffaecf0000 of 64 bytes failed: Only part of a ReadProcessMemory or WriteProcessMemory request was completed. (0x12B)
[1107/120637.935:WARNING:pe_image_reader.cc(340)] could not read dos header from C:\WINDOWS\SYSTEM32\Secur32.dll
[1107/120637.935:ERROR:process_memory_win.cc(73)] ReadMemory at 0x7fffbf580000 of 64 bytes failed: Only part of a ReadProcessMemory or WriteProcessMemory request was completed. (0x12B)
[1107/120637.935:WARNING:pe_image_reader.cc(340)] could not read dos header from C:\WINDOWS\SYSTEM32\USERENV.dll
[1107/120637.935:ERROR:process_memory_win.cc(73)] ReadMemory at 0x7fffbf720000 of 64 bytes failed: Only part of a ReadProcessMemory or WriteProcessMemory request was completed. (0x12B)
[1107/120637.935:WARNING:pe_image_reader.cc(340)] could not read dos header from C:\WINDOWS\System32\profapi.dll
[1107/120637.935:ERROR:process_memory_win.cc(73)] ReadMemory at 0x7fff9e980000 of 64 bytes failed: Only part of a ReadProcessMemory or WriteProcessMemory request was completed. (0x12B)
[1107/120637.935:WARNING:pe_image_reader.cc(340)] could not read dos header from C:\WINDOWS\SYSTEM32\UIAutomationCore.DLL
[1107/120637.935:ERROR:process_memory_win.cc(73)] ReadMemory at 0x7fffa3bc0000 of 64 bytes failed: Only part of a ReadProcessMemory or WriteProcessMemory request was completed. (0x12B)
[1107/120637.935:WARNING:pe_image_reader.cc(340)] could not read dos header from C:\WINDOWS\SYSTEM32\DWrite.dll
[1107/120637.935:ERROR:process_memory_win.cc(73)] ReadMemory at 0x7fffba1e0000 of 64 bytes failed: Only part of a ReadProcessMemory or WriteProcessMemory request was completed. (0x12B)
[1107/120637.935:WARNING:pe_image_reader.cc(340)] could not read dos header from C:\WINDOWS\SYSTEM32\WINSPOOL.DRV
[1107/120637.935:ERROR:process_memory_win.cc(73)] ReadMemory at 0x7fffbf6e0000 of 64 bytes failed: Only part of a ReadProcessMemory or WriteProcessMemory request was completed. (0x12B)
[1107/120637.935:WARNING:pe_image_reader.cc(340)] could not read dos header from C:\WINDOWS\System32\kernel.appcore.dll
[1107/120637.935:ERROR:process_memory_win.cc(73)] ReadMemory at 0x7fffbf800000 of 64 bytes failed: Only part of a ReadProcessMemory or WriteProcessMemory request was completed. (0x12B)
[1107/120637.935:WARNING:pe_image_reader.cc(340)] could not read dos header from C:\WINDOWS\System32\bcrypt.dll
[1107/120637.935:ERROR:process_memory_win.cc(73)] ReadMemory at 0x7fffad8c0000 of 64 bytes failed: Only part of a ReadProcessMemory or WriteProcessMemory request was completed. (0x12B)
[1107/120637.935:WARNING:pe_image_reader.cc(340)] could not read dos header from C:\WINDOWS\SYSTEM32\dbghelp.dll
[1107/120637.935:ERROR:process_memory_win.cc(73)] ReadMemory at 0x7fffb8ad0000 of 64 bytes failed: Only part of a ReadProcessMemory or WriteProcessMemory request was completed. (0x12B)
[1107/120637.935:WARNING:pe_image_reader.cc(340)] could not read dos header from C:\WINDOWS\SYSTEM32\WINHTTP.dll
[1107/120637.935:ERROR:process_memory_win.cc(73)] ReadMemory at 0x7fffb7e50000 of 64 bytes failed: Only part of a ReadProcessMemory or WriteProcessMemory request was completed. (0x12B)
[1107/120637.935:WARNING:pe_image_reader.cc(340)] could not read dos header from C:\WINDOWS\SYSTEM32\dhcpcsvc.DLL
[1107/120637.935:ERROR:process_memory_win.cc(73)] ReadMemory at 0x7fffc31c0000 of 64 bytes failed: Only part of a ReadProcessMemory or WriteProcessMemory request was completed. (0x12B)
[1107/120637.935:WARNING:pe_image_reader.cc(340)] could not read dos header from C:\WINDOWS\System32\NSI.dll
[1107/120637.935:ERROR:process_memory_win.cc(73)] ReadMemory at 0x7fffbd620000 of 64 bytes failed: Only part of a ReadProcessMemory or WriteProcessMemory request was completed. (0x12B)
[1107/120637.935:WARNING:pe_image_reader.cc(340)] could not read dos header from C:\WINDOWS\SYSTEM32\WINMMBASE.dll
[1107/120637.935:ERROR:process_memory_win.cc(73)] ReadMemory at 0x7fffc03c0000 of 64 bytes failed: Only part of a ReadProcessMemory or WriteProcessMemory request was completed. (0x12B)
[1107/120637.935:WARNING:pe_image_reader.cc(340)] could not read dos header from C:\WINDOWS\System32\cfgmgr32.dll
[1107/120637.936:ERROR:process_memory_win.cc(73)] ReadMemory at 0x7fffb7d40000 of 64 bytes failed: Only part of a ReadProcessMemory or WriteProcessMemory request was completed. (0x12B)
[1107/120637.936:WARNING:pe_image_reader.cc(340)] could not read dos header from C:\WINDOWS\SYSTEM32\Bcp47Langs.dll
[1107/120637.936:ERROR:process_memory_win.cc(73)] ReadMemory at 0x7fffbe3a0000 of 64 bytes failed: Only part of a ReadProcessMemory or WriteProcessMemory request was completed. (0x12B)
[1107/120637.936:WARNING:pe_image_reader.cc(340)] could not read dos header from C:\WINDOWS\SYSTEM32\PROPSYS.dll
[1107/120637.936:ERROR:process_memory_win.cc(73)] ReadMemory at 0x7fffc3550000 of 64 bytes failed: Only part of a ReadProcessMemory or WriteProcessMemory request was completed. (0x12B)
[1107/120637.936:WARNING:pe_image_reader.cc(340)] could not read dos header from C:\WINDOWS\System32\shcore.dll
[1107/120637.936:ERROR:process_memory_win.cc(73)] ReadMemory at 0x7fffbf5b0000 of 64 bytes failed: Only part of a ReadProcessMemory or WriteProcessMemory request was completed. (0x12B)
[1107/120637.936:WARNING:pe_image_reader.cc(340)] could not read dos header from C:\WINDOWS\SYSTEM32\SSPICLI.DLL
[1107/120637.936:ERROR:process_memory_win.cc(73)] ReadMemory at 0x7fffbf060000 of 64 bytes failed: Only part of a ReadProcessMemory or WriteProcessMemory request was completed. (0x12B)
[1107/120637.936:WARNING:pe_image_reader.cc(340)] could not read dos header from C:\WINDOWS\SYSTEM32\CRYPTBASE.DLL
[1107/120637.936:ERROR:process_memory_win.cc(73)] ReadMemory at 0x7ff6f1c10000 of 64 bytes failed: Only part of a ReadProcessMemory or WriteProcessMemory request was completed. (0x12B)
[1107/120637.936:WARNING:pe_image_reader.cc(340)] could not read dos header from C:\Program Files (x86)\Google\Chrome\Application\chrome.exe
[1107/120637.936:ERROR:process_memory_win.cc(73)] ReadMemory at 0x7fffc3630000 of 64 bytes failed: Only part of a ReadProcessMemory or WriteProcessMemory request was completed. (0x12B)
[1107/120637.936:WARNING:pe_image_reader.cc(340)] could not read dos header from C:\WINDOWS\SYSTEM32\ntdll.dll
[1107/120637.936:ERROR:process_memory_win.cc(73)] ReadMemory at 0x7fffc08b0000 of 64 bytes failed: Only part of a ReadProcessMemory or WriteProcessMemory request was completed. (0x12B)
[1107/120637.936:WARNING:pe_image_reader.cc(340)] could not read dos header from C:\WINDOWS\System32\KERNEL32.DLL
[1107/120637.936:ERROR:process_memory_win.cc(73)] ReadMemory at 0x7fffc0120000 of 64 bytes failed: Only part of a ReadProcessMemory or WriteProcessMemory request was completed. (0x12B)
[1107/120637.936:WARNING:pe_image_reader.cc(340)] could not read dos header from C:\WINDOWS\System32\KERNELBASE.dll
[1107/120637.936:ERROR:process_memory_win.cc(73)] ReadMemory at 0x7fff8ef90000 of 64 bytes failed: Only part of a ReadProcessMemory or WriteProcessMemory request was completed. (0x12B)
[1107/120637.936:WARNING:pe_image_reader.cc(340)] could not read dos header from C:\Program Files (x86)\Google\Chrome\Application\80.0.3955.4\chrome_elf.dll
[1107/120637.936:ERROR:process_memory_win.cc(73)] ReadMemory at 0x7fffbabe0000 of 64 bytes failed: Only part of a ReadProcessMemory or WriteProcessMemory request was completed. (0x12B)
[1107/120637.936:WARNING:pe_image_reader.cc(340)] could not read dos header from C:\WINDOWS\SYSTEM32\VERSION.dll
[1107/120637.936:ERROR:process_memory_win.cc(73)] ReadMemory at 0x7fffc0990000 of 64 bytes failed: Only part of a ReadProcessMemory or WriteProcessMemory request was completed. (0x12B)
[1107/120637.936:WARNING:pe_image_reader.cc(340)] could not read dos header from C:\WINDOWS\System32\msvcrt.dll
[1107/120637.936:ERROR:process_memory_win.cc(73)] ReadMemory at 0x7fffbf930000 of 64 bytes failed: Only part of a ReadProcessMemory or WriteProcessMemory request was completed. (0x12B)
[1107/120637.936:WARNING:pe_image_reader.cc(340)] could not read dos header from C:\WINDOWS\System32\bcryptPrimitives.dll
[1107/120637.936:ERROR:process_memory_win.cc(73)] ReadMemory at 0x7fffc0c10000 of 64 bytes failed: Only part of a ReadProcessMemory or WriteProcessMemory request was completed. (0x12B)
[1107/120637.936:WARNING:pe_image_reader.cc(340)] could not read dos header from C:\WINDOWS\System32\ADVAPI32.dll
[1107/120637.936:ERROR:process_memory_win.cc(73)] ReadMemory at 0x7fffc3410000 of 64 bytes failed: Only part of a ReadProcessMemory or WriteProcessMemory request was completed. (0x12B)
[1107/120637.936:WARNING:pe_image_reader.cc(340)] could not read dos header from C:\WINDOWS\System32\sechost.dll
[1107/120637.936:ERROR:process_memory_win.cc(73)] ReadMemory at 0x7fffc0cc0000 of 64 bytes failed: Only part of a ReadProcessMemory or WriteProcessMemory request was completed. (0x12B)
[1107/120637.936:WARNING:pe_image_reader.cc(340)] could not read dos header from C:\WINDOWS\System32\RPCRT4.dll
[1107/120637.936:ERROR:process_memory_win.cc(73)] ReadMemory at 0x7fffc0ea0000 of 64 bytes failed: Only part of a ReadProcessMemory or WriteProcessMemory request was completed. (0x12B)
[1107/120637.936:WARNING:pe_image_reader.cc(340)] could not read dos header from C:\WINDOWS\System32\user32.dll
[1107/120637.936:ERROR:process_memory_win.cc(73)] ReadMemory at 0x7fffbf9b0000 of 64 bytes failed: Only part of a ReadProcessMemory or WriteProcessMemory request was completed. (0x12B)
[1107/120637.936:WARNING:pe_image_reader.cc(340)] could not read dos header from C:\WINDOWS\System32\win32u.dll
[1107/120637.936:ERROR:process_memory_win.cc(73)] ReadMemory at 0x7fffc34b0000 of 64 bytes failed: Only part of a ReadProcessMemory or WriteProcessMemory request was completed. (0x12B)
[1107/120637.936:WARNING:pe_image_reader.cc(340)] could not read dos header from C:\WINDOWS\System32\GDI32.dll
[1107/120637.936:ERROR:process_memory_win.cc(73)] ReadMemory at 0x7fffc0610000 of 64 bytes failed: Only part of a ReadProcessMemory or WriteProcessMemory request was completed. (0x12B)
[1107/120637.936:WARNING:pe_image_reader.cc(340)] could not read dos header from C:\WINDOWS\System32\gdi32full.dll
[1107/120637.936:ERROR:process_memory_win.cc(73)] ReadMemory at 0x7fffc07b0000 of 64 bytes failed: Only part of a ReadProcessMemory or WriteProcessMemory request was completed. (0x12B)
[1107/120637.936:WARNING:pe_image_reader.cc(340)] could not read dos header from C:\WINDOWS\System32\msvcp_win.dll
[1107/120637.936:ERROR:process_memory_win.cc(73)] ReadMemory at 0x7fffbf830000 of 64 bytes failed: Only part of a ReadProcessMemory or WriteProcessMemory request was completed. (0x12B)
[1107/120637.936:WARNING:pe_image_reader.cc(340)] could not read dos header from C:\WINDOWS\System32\ucrtbase.dll
[1107/120637.937:ERROR:process_memory_win.cc(73)] ReadMemory at 0x7fffc14c0000 of 64 bytes failed: Only part of a ReadProcessMemory or WriteProcessMemory request was completed. (0x12B)
[1107/120637.937:WARNING:pe_image_reader.cc(340)] could not read dos header from C:\WINDOWS\System32\IMM32.DLL
[1107/120637.937:ERROR:process_memory_win.cc(73)] ReadMemory at 0x7fff73860000 of 64 bytes failed: Only part of a ReadProcessMemory or WriteProcessMemory request was completed. (0x12B)
[1107/120637.937:WARNING:pe_image_reader.cc(340)] could not read dos header from C:\Program Files (x86)\Google\Chrome\Application\80.0.3955.4\chrome.dll
[1107/120637.937:ERROR:process_memory_win.cc(73)] ReadMemory at 0x7fffc0ba0000 of 64 bytes failed: Only part of a ReadProcessMemory or WriteProcessMemory request was completed. (0x12B)
[1107/120637.937:WARNING:pe_image_reader.cc(340)] could not read dos header from C:\WINDOWS\System32\WS2_32.dll
[1107/120637.937:ERROR:process_memory_win.cc(73)] ReadMemory at 0x7fffc14f0000 of 64 bytes failed: Only part of a ReadProcessMemory or WriteProcessMemory request was completed. (0x12B)
[1107/120637.937:WARNING:pe_image_reader.cc(340)] could not read dos header from C:\WINDOWS\System32\OLEAUT32.dll
[1107/120637.937:ERROR:process_memory_win.cc(73)] ReadMemory at 0x7fffc2d30000 of 64 bytes failed: Only part of a ReadProcessMemory or WriteProcessMemory request was completed. (0x12B)
[1107/120637.937:WARNING:pe_image_reader.cc(340)] could not read dos header from C:\WINDOWS\System32\combase.dll
[1107/120637.937:ERROR:process_memory_win.cc(73)] ReadMemory at 0x7fffc0850000 of 64 bytes failed: Only part of a ReadProcessMemory or WriteProcessMemory request was completed. (0x12B)
[1107/120637.937:WARNING:pe_image_reader.cc(340)] could not read dos header from C:\WINDOWS\System32\WINTRUST.dll
[1107/120637.937:ERROR:process_memory_win.cc(73)] ReadMemory at 0x7fffbf700000 of 64 bytes failed: Only part of a ReadProcessMemory or WriteProcessMemory request was completed. (0x12B)
[1107/120637.937:WARNING:pe_image_reader.cc(340)] could not read dos header from C:\WINDOWS\System32\MSASN1.dll
[1107/120637.937:ERROR:process_memory_win.cc(73)] ReadMemory at 0x7fffc0410000 of 64 bytes failed: Only part of a ReadProcessMemory or WriteProcessMemory request was completed. (0x12B)
[1107/120637.937:WARNING:pe_image_reader.cc(340)] could not read dos header from C:\WINDOWS\System32\CRYPT32.dll
[1107/120637.937:ERROR:process_memory_win.cc(73)] ReadMemory at 0x7fffbebb0000 of 64 bytes failed: Only part of a ReadProcessMemory or WriteProcessMemory request was completed. (0x12B)
[1107/120637.937:WARNING:pe_image_reader.cc(340)] could not read dos header from C:\WINDOWS\SYSTEM32\IPHLPAPI.DLL
[1107/120637.937:ERROR:process_memory_win.cc(73)] ReadMemory at 0x7fffbd700000 of 64 bytes failed: Only part of a ReadProcessMemory or WriteProcessMemory request was completed. (0x12B)
[1107/120637.937:WARNING:pe_image_reader.cc(340)] could not read dos header from C:\WINDOWS\SYSTEM32\WINMM.dll
[1107/120637.937:ERROR:process_memory_win.cc(73)] ReadMemory at 0x7fffaecf0000 of 64 bytes failed: Only part of a ReadProcessMemory or WriteProcessMemory request was completed. (0x12B)
[1107/120637.937:WARNING:pe_image_reader.cc(340)] could not read dos header from C:\WINDOWS\SYSTEM32\Secur32.dll
[1107/120637.937:ERROR:process_memory_win.cc(73)] ReadMemory at 0x7fffbf580000 of 64 bytes failed: Only part of a ReadProcessMemory or WriteProcessMemory request was completed. (0x12B)
[1107/120637.937:WARNING:pe_image_reader.cc(340)] could not read dos header from C:\WINDOWS\SYSTEM32\USERENV.dll
[1107/120637.937:ERROR:process_memory_win.cc(73)] ReadMemory at 0x7fffbf720000 of 64 bytes failed: Only part of a ReadProcessMemory or WriteProcessMemory request was completed. (0x12B)
[1107/120637.937:WARNING:pe_image_reader.cc(340)] could not read dos header from C:\WINDOWS\System32\profapi.dll
[1107/120637.937:ERROR:process_memory_win.cc(73)] ReadMemory at 0x7fff9e980000 of 64 bytes failed: Only part of a ReadProcessMemory or WriteProcessMemory request was completed. (0x12B)
[1107/120637.937:WARNING:pe_image_reader.cc(340)] could not read dos header from C:\WINDOWS\SYSTEM32\UIAutomationCore.DLL
[1107/120637.937:ERROR:process_memory_win.cc(73)] ReadMemory at 0x7fffa3bc0000 of 64 bytes failed: Only part of a ReadProcessMemory or WriteProcessMemory request was completed. (0x12B)
[1107/120637.937:WARNING:pe_image_reader.cc(340)] could not read dos header from C:\WINDOWS\SYSTEM32\DWrite.dll
[1107/120637.937:ERROR:process_memory_win.cc(73)] ReadMemory at 0x7fffba1e0000 of 64 bytes failed: Only part of a ReadProcessMemory or WriteProcessMemory request was completed. (0x12B)
[1107/120637.937:WARNING:pe_image_reader.cc(340)] could not read dos header from C:\WINDOWS\SYSTEM32\WINSPOOL.DRV
[1107/120637.937:ERROR:process_memory_win.cc(73)] ReadMemory at 0x7fffbf6e0000 of 64 bytes failed: Only part of a ReadProcessMemory or WriteProcessMemory request was completed. (0x12B)
[1107/120637.937:WARNING:pe_image_reader.cc(340)] could not read dos header from C:\WINDOWS\System32\kernel.appcore.dll
[1107/120637.937:ERROR:process_memory_win.cc(73)] ReadMemory at 0x7fffbf800000 of 64 bytes failed: Only part of a ReadProcessMemory or WriteProcessMemory request was completed. (0x12B)
[1107/120637.937:WARNING:pe_image_reader.cc(340)] could not read dos header from C:\WINDOWS\System32\bcrypt.dll
[1107/120637.937:ERROR:process_memory_win.cc(73)] ReadMemory at 0x7fffad8c0000 of 64 bytes failed: Only part of a ReadProcessMemory or WriteProcessMemory request was completed. (0x12B)
[1107/120637.937:WARNING:pe_image_reader.cc(340)] could not read dos header from C:\WINDOWS\SYSTEM32\dbghelp.dll
[1107/120637.937:ERROR:process_memory_win.cc(73)] ReadMemory at 0x7fffb8ad0000 of 64 bytes failed: Only part of a ReadProcessMemory or WriteProcessMemory request was completed. (0x12B)
[1107/120637.937:WARNING:pe_image_reader.cc(340)] could not read dos header from C:\WINDOWS\SYSTEM32\WINHTTP.dll
[1107/120637.937:ERROR:process_memory_win.cc(73)] ReadMemory at 0x7fffb7e50000 of 64 bytes failed: Only part of a ReadProcessMemory or WriteProcessMemory request was completed. (0x12B)
[1107/120637.937:WARNING:pe_image_reader.cc(340)] could not read dos header from C:\WINDOWS\SYSTEM32\dhcpcsvc.DLL
[1107/120637.937:ERROR:process_memory_win.cc(73)] ReadMemory at 0x7fffc31c0000 of 64 bytes failed: Only part of a ReadProcessMemory or WriteProcessMemory request was completed. (0x12B)
[1107/120637.937:WARNING:pe_image_reader.cc(340)] could not read dos header from C:\WINDOWS\System32\NSI.dll
[1107/120637.937:ERROR:process_memory_win.cc(73)] ReadMemory at 0x7fffbd620000 of 64 bytes failed: Only part of a ReadProcessMemory or WriteProcessMemory request was completed. (0x12B)
[1107/120637.938:WARNING:pe_image_reader.cc(340)] could not read dos header from C:\WINDOWS\SYSTEM32\WINMMBASE.dll
[1107/120637.938:ERROR:process_memory_win.cc(73)] ReadMemory at 0x7fffc03c0000 of 64 bytes failed: Only part of a ReadProcessMemory or WriteProcessMemory request was completed. (0x12B)
[1107/120637.938:WARNING:pe_image_reader.cc(340)] could not read dos header from C:\WINDOWS\System32\cfgmgr32.dll
[1107/120637.938:ERROR:process_memory_win.cc(73)] ReadMemory at 0x7fffb7d40000 of 64 bytes failed: Only part of a ReadProcessMemory or WriteProcessMemory request was completed. (0x12B)
[1107/120637.938:WARNING:pe_image_reader.cc(340)] could not read dos header from C:\WINDOWS\SYSTEM32\Bcp47Langs.dll
[1107/120637.938:ERROR:process_memory_win.cc(73)] ReadMemory at 0x7fffbe3a0000 of 64 bytes failed: Only part of a ReadProcessMemory or WriteProcessMemory request was completed. (0x12B)
[1107/120637.938:WARNING:pe_image_reader.cc(340)] could not read dos header from C:\WINDOWS\SYSTEM32\PROPSYS.dll
[1107/120637.938:ERROR:process_memory_win.cc(73)] ReadMemory at 0x7fffc3550000 of 64 bytes failed: Only part of a ReadProcessMemory or WriteProcessMemory request was completed. (0x12B)
[1107/120637.938:WARNING:pe_image_reader.cc(340)] could not read dos header from C:\WINDOWS\System32\shcore.dll
[1107/120637.938:ERROR:process_memory_win.cc(73)] ReadMemory at 0x7fffbf5b0000 of 64 bytes failed: Only part of a ReadProcessMemory or WriteProcessMemory request was completed. (0x12B)
[1107/120637.938:WARNING:pe_image_reader.cc(340)] could not read dos header from C:\WINDOWS\SYSTEM32\SSPICLI.DLL
[1107/120637.938:ERROR:process_memory_win.cc(73)] ReadMemory at 0x7fffbf060000 of 64 bytes failed: Only part of a ReadProcessMemory or WriteProcessMemory request was completed. (0x12B)
[1107/120637.938:WARNING:pe_image_reader.cc(340)] could not read dos header from C:\WINDOWS\SYSTEM32\CRYPTBASE.DLL
[1107/120637.945:ERROR:process_memory_win.cc(73)] ReadMemory at 0xc82dbf9000 of 28672 bytes failed: Only part of a ReadProcessMemory or WriteProcessMemory request was completed. (0x12B)
[1107/120637.945:ERROR:process_memory_win.cc(73)] ReadMemory at 0xc82d3ef000 of 852 bytes failed: Only part of a ReadProcessMemory or WriteProcessMemory request was completed. (0x12B)
[1107/120637.945:ERROR:process_memory_win.cc(73)] ReadMemory at 0xc82d3f0000 of 6024 bytes failed: Only part of a ReadProcessMemory or WriteProcessMemory request was completed. (0x12B)
[1107/120637.945:ERROR:process_memory_win.cc(73)] ReadMemory at 0x20738590fe0 of 7384 bytes failed: Only part of a ReadProcessMemory or WriteProcessMemory request was completed. (0x12B)
[1107/120637.946:ERROR:process_memory_win.cc(73)] ReadMemory at 0x20738592cc0 of 1012 bytes failed: Only part of a ReadProcessMemory or WriteProcessMemory request was completed. (0x12B)
[1107/120637.946:ERROR:process_memory_win.cc(73)] ReadMemory at 0x207385932e8 of 118 bytes failed: Only part of a ReadProcessMemory or WriteProcessMemory request was completed. (0x12B)
[1107/120637.946:ERROR:process_memory_win.cc(73)] ReadMemory at 0x20738593360 of 1532 bytes failed: Only part of a ReadProcessMemory or WriteProcessMemory request was completed. (0x12B)
[1107/120637.946:ERROR:process_memory_win.cc(73)] ReadMemory at 0x2073859395e of 118 bytes failed: Only part of a ReadProcessMemory or WriteProcessMemory request was completed. (0x12B)
[1107/120637.946:ERROR:process_memory_win.cc(73)] ReadMemory at 0x207385939d6 of 100 bytes failed: Only part of a ReadProcessMemory or WriteProcessMemory request was completed. (0x12B)
[1107/120637.946:ERROR:process_memory_win.cc(73)] ReadMemory at 0x20738593a50 of 58 bytes failed: Only part of a ReadProcessMemory or WriteProcessMemory request was completed. (0x12B)
[1107/120637.946:ERROR:process_memory_win.cc(73)] ReadMemory at 0x20738593b50 of 132 bytes failed: Only part of a ReadProcessMemory or WriteProcessMemory request was completed. (0x12B)
[1107/120637.947:ERROR:process_memory_win.cc(73)] ReadMemory at 0x20738593ce0 of 132 bytes failed: Only part of a ReadProcessMemory or WriteProcessMemory request was completed. (0x12B)
[1107/120637.947:ERROR:process_memory_win.cc(73)] ReadMemory at 0x20738593ea0 of 122 bytes failed: Only part of a ReadProcessMemory or WriteProcessMemory request was completed. (0x12B)
[1107/120637.947:ERROR:process_memory_win.cc(73)] ReadMemory at 0x20738594280 of 132 bytes failed: Only part of a ReadProcessMemory or WriteProcessMemory request was completed. (0x12B)
[1107/120637.947:ERROR:process_memory_win.cc(73)] ReadMemory at 0x20738594410 of 64 bytes failed: Only part of a ReadProcessMemory or WriteProcessMemory request was completed. (0x12B)
[1107/120637.947:ERROR:process_memory_win.cc(73)] ReadMemory at 0x20738594460 of 132 bytes failed: Only part of a ReadProcessMemory or WriteProcessMemory request was completed. (0x12B)
[1107/120637.947:ERROR:process_memory_win.cc(73)] ReadMemory at 0x207385945c0 of 132 bytes failed: Only part of a ReadProcessMemory or WriteProcessMemory request was completed. (0x12B)
[1107/120637.947:ERROR:process_memory_win.cc(73)] ReadMemory at 0x20738594870 of 132 bytes failed: Only part of a ReadProcessMemory or WriteProcessMemory request was completed. (0x12B)
[1107/120637.947:ERROR:process_memory_win.cc(73)] ReadMemory at 0x20738594a00 of 68 bytes failed: Only part of a ReadProcessMemory or WriteProcessMemory request was completed. (0x12B)
[1107/120637.947:ERROR:process_memory_win.cc(73)] ReadMemory at 0x20738595b40 of 132 bytes failed: Only part of a ReadProcessMemory or WriteProcessMemory request was completed. (0x12B)
[1107/120637.947:ERROR:process_memory_win.cc(73)] ReadMemory at 0x20738595c70 of 150 bytes failed: Only part of a ReadProcessMemory or WriteProcessMemory request was completed. (0x12B)
[1107/120637.947:ERROR:process_memory_win.cc(73)] ReadMemory at 0x20738596820 of 132 bytes failed: Only part of a ReadProcessMemory or WriteProcessMemory request was completed. (0x12B)
[1107/120637.947:ERROR:process_memory_win.cc(73)] ReadMemory at 0x20738596950 of 132 bytes failed: Only part of a ReadProcessMemory or WriteProcessMemory request was completed. (0x12B)
[1107/120637.948:ERROR:process_memory_win.cc(73)] ReadMemory at 0x20738596b30 of 62 bytes failed: Only part of a ReadProcessMemory or WriteProcessMemory request was completed. (0x12B)
[1107/120637.948:ERROR:process_memory_win.cc(73)] ReadMemory at 0x20738596b80 of 142 bytes failed: Only part of a ReadProcessMemory or WriteProcessMemory request was completed. (0x12B)
[1107/120637.948:ERROR:process_memory_win.cc(73)] ReadMemory at 0x20738596c60 of 132 bytes failed: Only part of a ReadProcessMemory or WriteProcessMemory request was completed. (0x12B)
[1107/120637.948:ERROR:process_memory_win.cc(73)] ReadMemory at 0x20738596df0 of 60 bytes failed: Only part of a ReadProcessMemory or WriteProcessMemory request was completed. (0x12B)
[1107/120637.948:ERROR:process_memory_win.cc(73)] ReadMemory at 0x20738596f50 of 132 bytes failed: Only part of a ReadProcessMemory or WriteProcessMemory request was completed. (0x12B)
[1107/120637.948:ERROR:process_memory_win.cc(73)] ReadMemory at 0x207385984c8 of 512 bytes failed: Only part of a ReadProcessMemory or WriteProcessMemory request was completed. (0x12B)
[1107/120637.948:ERROR:process_memory_win.cc(73)] ReadMemory at 0x2073859beb0 of 132 bytes failed: Only part of a ReadProcessMemory or WriteProcessMemory request was completed. (0x12B)
[1107/120637.948:ERROR:process_memory_win.cc(73)] ReadMemory at 0x2073859c040 of 80 bytes failed: Only part of a ReadProcessMemory or WriteProcessMemory request was completed. (0x12B)
[1107/120637.948:ERROR:process_memory_win.cc(73)] ReadMemory at 0x2073859c1b0 of 60 bytes failed: Only part of a ReadProcessMemory or WriteProcessMemory request was completed. (0x12B)
[1107/120637.948:ERROR:process_memory_win.cc(73)] ReadMemory at 0x2073859c2f0 of 60 bytes failed: Only part of a ReadProcessMemory or WriteProcessMemory request was completed. (0x12B)
[1107/120637.948:ERROR:process_memory_win.cc(73)] ReadMemory at 0x2073859c430 of 66 bytes failed: Only part of a ReadProcessMemory or WriteProcessMemory request was completed. (0x12B)
[1107/120637.948:ERROR:process_memory_win.cc(73)] ReadMemory at 0x2073859c480 of 64 bytes failed: Only part of a ReadProcessMemory or WriteProcessMemory request was completed. (0x12B)
[1107/120637.948:ERROR:process_memory_win.cc(73)] ReadMemory at 0x2073859c520 of 64 bytes failed: Only part of a ReadProcessMemory or WriteProcessMemory request was completed. (0x12B)
[1107/120637.948:ERROR:process_memory_win.cc(73)] ReadMemory at 0x2073859c5c0 of 60 bytes failed: Only part of a ReadProcessMemory or WriteProcessMemory request was completed. (0x12B)
[1107/120637.949:ERROR:process_memory_win.cc(73)] ReadMemory at 0x2073859c6b0 of 58 bytes failed: Only part of a ReadProcessMemory or WriteProcessMemory request was completed. (0x12B)
[1107/120637.949:ERROR:process_memory_win.cc(73)] ReadMemory at 0x2073859c700 of 66 bytes failed: Only part of a ReadProcessMemory or WriteProcessMemory request was completed. (0x12B)
[1107/120637.949:ERROR:process_memory_win.cc(73)] ReadMemory at 0x2073859c7a0 of 62 bytes failed: Only part of a ReadProcessMemory or WriteProcessMemory request was completed. (0x12B)
[1107/120637.949:ERROR:process_memory_win.cc(73)] ReadMemory at 0x207385a0cd0 of 54 bytes failed: Only part of a ReadProcessMemory or WriteProcessMemory request was completed. (0x12B)
[1107/120637.949:ERROR:process_memory_win.cc(73)] ReadMemory at 0x207385a1290 of 132 bytes failed: Only part of a ReadProcessMemory or WriteProcessMemory request was completed. (0x12B)
[1107/120637.949:ERROR:process_memory_win.cc(73)] ReadMemory at 0x207385a1ce0 of 132 bytes failed: Only part of a ReadProcessMemory or WriteProcessMemory request was completed. (0x12B)
[1107/120637.949:ERROR:process_memory_win.cc(73)] ReadMemory at 0x207385a1f60 of 132 bytes failed: Only part of a ReadProcessMemory or WriteProcessMemory request was completed. (0x12B)
[1107/120637.949:ERROR:process_memory_win.cc(73)] ReadMemory at 0x207385a27a0 of 132 bytes failed: Only part of a ReadProcessMemory or WriteProcessMemory request was completed. (0x12B)
[1107/120637.949:ERROR:process_memory_win.cc(73)] ReadMemory at 0x207385a65f0 of 132 bytes failed: Only part of a ReadProcessMemory or WriteProcessMemory request was completed. (0x12B)
[1107/120637.949:ERROR:process_memory_win.cc(73)] ReadMemory at 0x207385a6720 of 132 bytes failed: Only part of a ReadProcessMemory or WriteProcessMemory request was completed. (0x12B)
[1107/120637.949:ERROR:process_memory_win.cc(73)] ReadMemory at 0x207385a6850 of 132 bytes failed: Only part of a ReadProcessMemory or WriteProcessMemory request was completed. (0x12B)
[1107/120637.949:ERROR:process_memory_win.cc(73)] ReadMemory at 0x207385a6980 of 132 bytes failed: Only part of a ReadProcessMemory or WriteProcessMemory request was completed. (0x12B)
[1107/120637.949:ERROR:process_memory_win.cc(73)] ReadMemory at 0x207385a6ab0 of 132 bytes failed: Only part of a ReadProcessMemory or WriteProcessMemory request was completed. (0x12B)
[1107/120637.949:ERROR:process_memory_win.cc(73)] ReadMemory at 0x207385a6be0 of 132 bytes failed: Only part of a ReadProcessMemory or WriteProcessMemory request was completed. (0x12B)
[1107/120637.949:ERROR:process_memory_win.cc(73)] ReadMemory at 0x207385a6d10 of 132 bytes failed: Only part of a ReadProcessMemory or WriteProcessMemory request was completed. (0x12B)
[1107/120637.949:ERROR:process_memory_win.cc(73)] ReadMemory at 0x207385a6e40 of 132 bytes failed: Only part of a ReadProcessMemory or WriteProcessMemory request was completed. (0x12B)
[1107/120637.949:ERROR:process_memory_win.cc(73)] ReadMemory at 0x207385a6f70 of 132 bytes failed: Only part of a ReadProcessMemory or WriteProcessMemory request was completed. (0x12B)
[1107/120637.949:ERROR:process_memory_win.cc(73)] ReadMemory at 0x207385a70a0 of 132 bytes failed: Only part of a ReadProcessMemory or WriteProcessMemory request was completed. (0x12B)
[1107/120637.949:ERROR:process_memory_win.cc(73)] ReadMemory at 0x207385a7300 of 132 bytes failed: Only part of a ReadProcessMemory or WriteProcessMemory request was completed. (0x12B)
[1107/120637.950:ERROR:process_memory_win.cc(73)] ReadMemory at 0x207385a7430 of 132 bytes failed: Only part of a ReadProcessMemory or WriteProcessMemory request was completed. (0x12B)
[1107/120637.950:ERROR:process_memory_win.cc(73)] ReadMemory at 0x207385a7790 of 60 bytes failed: Only part of a ReadProcessMemory or WriteProcessMemory request was completed. (0x12B)
[1107/120637.950:ERROR:process_memory_win.cc(73)] ReadMemory at 0x207385a77e0 of 58 bytes failed: Only part of a ReadProcessMemory or WriteProcessMemory request was completed. (0x12B)
[1107/120637.950:ERROR:process_memory_win.cc(73)] ReadMemory at 0x207385a7830 of 60 bytes failed: Only part of a ReadProcessMemory or WriteProcessMemory request was completed. (0x12B)
[1107/120637.950:ERROR:process_memory_win.cc(73)] ReadMemory at 0x207385a7880 of 64 bytes failed: Only part of a ReadProcessMemory or WriteProcessMemory request was completed. (0x12B)
[1107/120637.950:ERROR:process_memory_win.cc(73)] ReadMemory at 0x207385a7920 of 64 bytes failed: Only part of a ReadProcessMemory or WriteProcessMemory request was completed. (0x12B)
[1107/120637.950:ERROR:process_memory_win.cc(73)] ReadMemory at 0x207385a7a10 of 64 bytes failed: Only part of a ReadProcessMemory or WriteProcessMemory request was completed. (0x12B)
[1107/120637.950:ERROR:process_memory_win.cc(73)] ReadMemory at 0x207385a7b50 of 62 bytes failed: Only part of a ReadProcessMemory or WriteProcessMemory request was completed. (0x12B)
[1107/120637.950:ERROR:process_memory_win.cc(73)] ReadMemory at 0x207385a7ba0 of 62 bytes failed: Only part of a ReadProcessMemory or WriteProcessMemory request was completed. (0x12B)
[1107/120637.950:ERROR:process_memory_win.cc(73)] ReadMemory at 0x207385a7c40 of 62 bytes failed: Only part of a ReadProcessMemory or WriteProcessMemory request was completed. (0x12B)
[1107/120637.950:ERROR:process_memory_win.cc(73)] ReadMemory at 0x207385a7d80 of 64 bytes failed: Only part of a ReadProcessMemory or WriteProcessMemory request was completed. (0x12B)
[1107/120637.950:ERROR:process_memory_win.cc(73)] ReadMemory at 0x207385a7ec0 of 62 bytes failed: Only part of a ReadProcessMemory or WriteProcessMemory request was completed. (0x12B)
[1107/120637.950:ERROR:process_memory_win.cc(73)] ReadMemory at 0x207385a7f10 of 62 bytes failed: Only part of a ReadProcessMemory or WriteProcessMemory request was completed. (0x12B)
[1107/120637.950:ERROR:process_memory_win.cc(73)] ReadMemory at 0x207385a7f60 of 62 bytes failed: Only part of a ReadProcessMemory or WriteProcessMemory request was completed. (0x12B)
[1107/120637.950:ERROR:process_memory_win.cc(73)] ReadMemory at 0x207385a7fb0 of 62 bytes failed: Only part of a ReadProcessMemory or WriteProcessMemory request was completed. (0x12B)
[1107/120637.951:ERROR:process_memory_win.cc(73)] ReadMemory at 0x207385a8000 of 68 bytes failed: Only part of a ReadProcessMemory or WriteProcessMemory request was completed. (0x12B)
[1107/120637.951:ERROR:process_memory_win.cc(73)] ReadMemory at 0x207385a80f0 of 66 bytes failed: Only part of a ReadProcessMemory or WriteProcessMemory request was completed. (0x12B)
[1107/120637.951:ERROR:process_memory_win.cc(73)] ReadMemory at 0x207385a8190 of 64 bytes failed: Only part of a ReadProcessMemory or WriteProcessMemory request was completed. (0x12B)
[1107/120637.951:ERROR:process_memory_win.cc(73)] ReadMemory at 0x207385a81e0 of 60 bytes failed: Only part of a ReadProcessMemory or WriteProcessMemory request was completed. (0x12B)
[1107/120637.951:ERROR:process_memory_win.cc(73)] ReadMemory at 0x207385a8280 of 60 bytes failed: Only part of a ReadProcessMemory or WriteProcessMemory request was completed. (0x12B)
[1107/120637.951:ERROR:process_memory_win.cc(73)] ReadMemory at 0x207385a83c0 of 58 bytes failed: Only part of a ReadProcessMemory or WriteProcessMemory request was completed. (0x12B)
[1107/120637.951:ERROR:process_memory_win.cc(73)] ReadMemory at 0x207385a8410 of 62 bytes failed: Only part of a ReadProcessMemory or WriteProcessMemory request was completed. (0x12B)
[1107/120637.951:ERROR:process_memory_win.cc(73)] ReadMemory at 0x207385a84b0 of 64 bytes failed: Only part of a ReadProcessMemory or WriteProcessMemory request was completed. (0x12B)
[1107/120637.951:ERROR:process_memory_win.cc(73)] ReadMemory at 0x207385a8500 of 62 bytes failed: Only part of a ReadProcessMemory or WriteProcessMemory request was completed. (0x12B)
[1107/120637.951:ERROR:process_memory_win.cc(73)] ReadMemory at 0x207385a8550 of 60 bytes failed: Only part of a ReadProcessMemory or WriteProcessMemory request was completed. (0x12B)
[1107/120637.951:ERROR:process_memory_win.cc(73)] ReadMemory at 0x207385ab980 of 76 bytes failed: Only part of a ReadProcessMemory or WriteProcessMemory request was completed. (0x12B)
[1107/120637.951:ERROR:process_memory_win.cc(73)] ReadMemory at 0x207385abc80 of 80 bytes failed: Only part of a ReadProcessMemory or WriteProcessMemory request was completed. (0x12B)
[1107/120637.951:ERROR:process_memory_win.cc(73)] ReadMemory at 0x207385ac400 of 132 bytes failed: Only part of a ReadProcessMemory or WriteProcessMemory request was completed. (0x12B)
[1107/120637.951:ERROR:process_memory_win.cc(73)] ReadMemory at 0x207385ac530 of 132 bytes failed: Only part of a ReadProcessMemory or WriteProcessMemory request was completed. (0x12B)
[1107/120637.951:ERROR:process_memory_win.cc(73)] ReadMemory at 0x207385ac790 of 132 bytes failed: Only part of a ReadProcessMemory or WriteProcessMemory request was completed. (0x12B)
[1107/120637.951:ERROR:process_memory_win.cc(73)] ReadMemory at 0x207385ac8c0 of 132 bytes failed: Only part of a ReadProcessMemory or WriteProcessMemory request was completed. (0x12B)
[1107/120637.951:ERROR:process_memory_win.cc(73)] ReadMemory at 0x207385ac9f0 of 132 bytes failed: Only part of a ReadProcessMemory or WriteProcessMemory request was completed. (0x12B)
[1107/120637.952:ERROR:process_memory_win.cc(73)] ReadMemory at 0x207385acb20 of 132 bytes failed: Only part of a ReadProcessMemory or WriteProcessMemory request was completed. (0x12B)
[1107/120637.952:ERROR:process_memory_win.cc(73)] ReadMemory at 0x207385ad110 of 132 bytes failed: Only part of a ReadProcessMemory or WriteProcessMemory request was completed. (0x12B)
[1107/120637.952:ERROR:process_memory_win.cc(73)] ReadMemory at 0x207385ad240 of 132 bytes failed: Only part of a ReadProcessMemory or WriteProcessMemory request was completed. (0x12B)
[1107/120637.952:ERROR:process_memory_win.cc(73)] ReadMemory at 0x207385ad370 of 132 bytes failed: Only part of a ReadProcessMemory or WriteProcessMemory request was completed. (0x12B)
[1107/120637.952:ERROR:process_memory_win.cc(73)] ReadMemory at 0x207385ad830 of 132 bytes failed: Only part of a ReadProcessMemory or WriteProcessMemory request was completed. (0x12B)
[1107/120637.952:ERROR:process_memory_win.cc(73)] ReadMemory at 0x207385ada90 of 132 bytes failed: Only part of a ReadProcessMemory or WriteProcessMemory request was completed. (0x12B)
[1107/120637.952:ERROR:process_memory_win.cc(73)] ReadMemory at 0x207385adbc0 of 132 bytes failed: Only part of a ReadProcessMemory or WriteProcessMemory request was completed. (0x12B)
[1107/120637.952:ERROR:process_memory_win.cc(73)] ReadMemory at 0x207385adcf0 of 132 bytes failed: Only part of a ReadProcessMemory or WriteProcessMemory request was completed. (0x12B)
[1107/120637.952:ERROR:process_memory_win.cc(73)] ReadMemory at 0x207385ade20 of 132 bytes failed: Only part of a ReadProcessMemory or WriteProcessMemory request was completed. (0x12B)
[1107/120637.952:ERROR:process_memory_win.cc(73)] ReadMemory at 0x207385adf50 of 132 bytes failed: Only part of a ReadProcessMemory or WriteProcessMemory request was completed. (0x12B)
[1107/120637.952:ERROR:process_memory_win.cc(73)] ReadMemory at 0x207385ae080 of 132 bytes failed: Only part of a ReadProcessMemory or WriteProcessMemory request was completed. (0x12B)
[1107/120637.952:ERROR:process_memory_win.cc(73)] ReadMemory at 0x207385ae1b0 of 132 bytes failed: Only part of a ReadProcessMemory or WriteProcessMemory request was completed. (0x12B)
[1107/120637.952:ERROR:process_memory_win.cc(73)] ReadMemory at 0x7fffc01590a9 of 512 bytes failed: Only part of a ReadProcessMemory or WriteProcessMemory request was completed. (0x12B)
[1107/120637.952:ERROR:process_memory_win.cc(73)] ReadMemory at 0x7fffc36cfd64 of 512 bytes failed: Only part of a ReadProcessMemory or WriteProcessMemory request was completed. (0x12B)
[1107/120637.952:ERROR:process_memory_win.cc(73)] ReadMemory at 0x7fffc375c0c8 of 18 bytes failed: Only part of a ReadProcessMemory or WriteProcessMemory request was completed. (0x12B)
[1107/120637.952:ERROR:process_memory_win.cc(73)] ReadMemory at 0x7fffc378f4f8 of 40 bytes failed: Only part of a ReadProcessMemory or WriteProcessMemory request was completed. (0x12B)
[1107/120637.952:ERROR:process_memory_win.cc(73)] ReadMemory at 0x7fffc378f978 of 48 bytes failed: Only part of a ReadProcessMemory or WriteProcessMemory request was completed. (0x12B)
[1107/120637.952:ERROR:process_memory_win.cc(73)] ReadMemory at 0x7fffc37953a0 of 64 bytes failed: Only part of a ReadProcessMemory or WriteProcessMemory request was completed. (0x12B)
[1107/120637.955:ERROR:scoped_process_suspend.cc(40)] NtResumeProcess: An attempt was made to access an exiting process. (0xc000010a)
